2024-03-08 10:41:20.295  INFO 1 --- [           main] c.a.n.client.env.SearchableProperties    : properties search order:PROPERTIES->JVM->ENV->DEFAULT_SETTING
2024-03-08 10:41:22.021  INFO 1 --- [           main] c.a.n.p.a.s.c.ClientAuthPluginManager    : [ClientAuthPluginManager] Load ClientAuthService com.alibaba.nacos.client.auth.impl.NacosClientAuthServiceImpl success.
2024-03-08 10:41:22.021  INFO 1 --- [           main] c.a.n.p.a.s.c.ClientAuthPluginManager    : [ClientAuthPluginManager] Load ClientAuthService com.alibaba.nacos.client.auth.ram.RamClientAuthServiceImpl success.

  .   ____          _            __ _ _
 /\\ / ___'_ __ _ _(_)_ __  __ _ \ \ \ \
( ( )\___ | '_ | '_| | '_ \/ _` | \ \ \ \
 \\/  ___)| |_)| | | | | || (_| |  ) ) ) )
  '  |____| .__|_| |_|_| |_\__, | / / / /
 =========|_|==============|___/=/_/_/_/
 :: Spring Boot ::               (v2.7.13)

2024-03-08 10:41:24.438  WARN 1 --- [           main] c.a.c.n.c.NacosPropertySourceBuilder     : Ignore the empty nacos configuration and get it based on dataId[application-dev.yml] & group[DEFAULT_GROUP]
2024-03-08 10:41:24.487  WARN 1 --- [           main] c.a.c.n.c.NacosPropertySourceBuilder     : Ignore the empty nacos configuration and get it based on dataId[mingink-gateway] & group[DEFAULT_GROUP]
2024-03-08 10:41:24.499  WARN 1 --- [           main] c.a.c.n.c.NacosPropertySourceBuilder     : Ignore the empty nacos configuration and get it based on dataId[mingink-gateway.yml] & group[DEFAULT_GROUP]
2024-03-08 10:41:24.507  WARN 1 --- [           main] c.a.c.n.c.NacosPropertySourceBuilder     : Ignore the empty nacos configuration and get it based on dataId[mingink-gateway-dev.yml] & group[DEFAULT_GROUP]
2024-03-08 10:41:24.509  INFO 1 --- [           main] b.c.PropertySourceBootstrapConfiguration : Located property source: [BootstrapPropertySource {name='bootstrapProperties-mingink-gateway-dev.yml,DEFAULT_GROUP'}, BootstrapPropertySource {name='bootstrapProperties-mingink-gateway.yml,DEFAULT_GROUP'}, BootstrapPropertySource {name='bootstrapProperties-mingink-gateway,DEFAULT_GROUP'}, BootstrapPropertySource {name='bootstrapProperties-mingink-redis.yml,DEFAULT_GROUP'}, BootstrapPropertySource {name='bootstrapProperties-mingink-mysql.yml,DEFAULT_GROUP'}, BootstrapPropertySource {name='bootstrapProperties-application-dev.yml,DEFAULT_GROUP'}]
2024-03-08 10:41:24.590  INFO 1 --- [           main] c.m.gateway.MingInkGatewayApplication    : The following 1 profile is active: "dev"
2024-03-08 10:41:27.918  INFO 1 --- [           main] .s.d.r.c.RepositoryConfigurationDelegate : Multiple Spring Data modules found, entering strict repository configuration mode
2024-03-08 10:41:27.925  INFO 1 --- [           main] .s.d.r.c.RepositoryConfigurationDelegate : Bootstrapping Spring Data Redis repositories in DEFAULT mode.
2024-03-08 10:41:27.977  INFO 1 --- [           main] .s.d.r.c.RepositoryConfigurationDelegate : Finished Spring Data repository scanning in 20 ms. Found 0 Redis repository interfaces.
2024-03-08 10:41:28.941  INFO 1 --- [           main] o.s.cloud.context.scope.GenericScope     : BeanFactory id=37c72b1a-60d3-33fa-b59c-77a679e9bb00
2024-03-08 10:41:29.513  INFO 1 --- [           main] trationDelegate$BeanPostProcessorChecker : Bean 'org.springframework.cloud.client.loadbalancer.reactive.LoadBalancerBeanPostProcessorAutoConfiguration' of type [org.springframework.cloud.client.loadbalancer.reactive.LoadBalancerBeanPostProcessorAutoConfiguration] is not eligible for getting processed by all BeanPostProcessors (for example: not eligible for auto-proxying)
2024-03-08 10:41:29.517  INFO 1 --- [           main] trationDelegate$BeanPostProcessorChecker : Bean 'org.springframework.cloud.client.loadbalancer.reactive.LoadBalancerBeanPostProcessorAutoConfiguration$ReactorDeferringLoadBalancerFilterConfig' of type [org.springframework.cloud.client.loadbalancer.reactive.LoadBalancerBeanPostProcessorAutoConfiguration$ReactorDeferringLoadBalancerFilterConfig] is not eligible for getting processed by all BeanPostProcessors (for example: not eligible for auto-proxying)
2024-03-08 10:41:29.523  INFO 1 --- [           main] trationDelegate$BeanPostProcessorChecker : Bean 'reactorDeferringLoadBalancerExchangeFilterFunction' of type [org.springframework.cloud.client.loadbalancer.reactive.DeferringLoadBalancerExchangeFilterFunction] is not eligible for getting processed by all BeanPostProcessors (for example: not eligible for auto-proxying)
2024-03-08 10:41:33.342  INFO 1 --- [           main] o.s.b.a.e.web.EndpointLinksResolver      : Exposing 1 endpoint(s) beneath base path '/actuator'
2024-03-08 10:41:35.224  INFO 1 --- [           main] o.s.c.g.r.RouteDefinitionRouteLocator    : Loaded RoutePredicateFactory [After]
2024-03-08 10:41:35.224  INFO 1 --- [           main] o.s.c.g.r.RouteDefinitionRouteLocator    : Loaded RoutePredicateFactory [Before]
2024-03-08 10:41:35.224  INFO 1 --- [           main] o.s.c.g.r.RouteDefinitionRouteLocator    : Loaded RoutePredicateFactory [Between]
2024-03-08 10:41:35.224  INFO 1 --- [           main] o.s.c.g.r.RouteDefinitionRouteLocator    : Loaded RoutePredicateFactory [Cookie]
2024-03-08 10:41:35.225  INFO 1 --- [           main] o.s.c.g.r.RouteDefinitionRouteLocator    : Loaded RoutePredicateFactory [Header]
2024-03-08 10:41:35.225  INFO 1 --- [           main] o.s.c.g.r.RouteDefinitionRouteLocator    : Loaded RoutePredicateFactory [Host]
2024-03-08 10:41:35.225  INFO 1 --- [           main] o.s.c.g.r.RouteDefinitionRouteLocator    : Loaded RoutePredicateFactory [Method]
2024-03-08 10:41:35.225  INFO 1 --- [           main] o.s.c.g.r.RouteDefinitionRouteLocator    : Loaded RoutePredicateFactory [Path]
2024-03-08 10:41:35.225  INFO 1 --- [           main] o.s.c.g.r.RouteDefinitionRouteLocator    : Loaded RoutePredicateFactory [Query]
2024-03-08 10:41:35.227  INFO 1 --- [           main] o.s.c.g.r.RouteDefinitionRouteLocator    : Loaded RoutePredicateFactory [ReadBody]
2024-03-08 10:41:35.227  INFO 1 --- [           main] o.s.c.g.r.RouteDefinitionRouteLocator    : Loaded RoutePredicateFactory [RemoteAddr]
2024-03-08 10:41:35.227  INFO 1 --- [           main] o.s.c.g.r.RouteDefinitionRouteLocator    : Loaded RoutePredicateFactory [XForwardedRemoteAddr]
2024-03-08 10:41:35.228  INFO 1 --- [           main] o.s.c.g.r.RouteDefinitionRouteLocator    : Loaded RoutePredicateFactory [Weight]
2024-03-08 10:41:35.231  INFO 1 --- [           main] o.s.c.g.r.RouteDefinitionRouteLocator    : Loaded RoutePredicateFactory [CloudFoundryRouteService]
2024-03-08 10:41:36.109  WARN 1 --- [           main] iguration$LoadBalancerCaffeineWarnLogger : Spring Cloud LoadBalancer is currently working with the default cache. While this cache implementation is useful for development and tests, it's recommended to use Caffeine cache in production.You can switch to using Caffeine cache, by adding it and org.springframework.cache.caffeine.CaffeineCacheManager to the classpath.
2024-03-08 10:41:36.925  INFO 1 --- [           main] o.s.b.web.embedded.netty.NettyWebServer  : Netty started on port 8081
2024-03-08 10:41:36.951  INFO 1 --- [           main] c.a.n.p.a.s.c.ClientAuthPluginManager    : [ClientAuthPluginManager] Load ClientAuthService com.alibaba.nacos.client.auth.impl.NacosClientAuthServiceImpl success.
2024-03-08 10:41:36.951  INFO 1 --- [           main] c.a.n.p.a.s.c.ClientAuthPluginManager    : [ClientAuthPluginManager] Load ClientAuthService com.alibaba.nacos.client.auth.ram.RamClientAuthServiceImpl success.
2024-03-08 10:41:37.213  INFO 1 --- [           main] c.a.c.n.registry.NacosServiceRegistry    : nacos registry, DEFAULT_GROUP mingink-gateway 172.19.0.2:8081 register finished
2024-03-08 10:41:39.237  INFO 1 --- [           main] a.c.n.d.GatewayLocatorHeartBeatPublisher : Start nacos gateway locator heartBeat task scheduler.
2024-03-08 10:41:39.332  INFO 1 --- [           main] c.m.gateway.MingInkGatewayApplication    : Started MingInkGatewayApplication in 20.139 seconds (JVM running for 21.211)
2024-03-08 10:41:39.368  INFO 1 --- [           main] c.a.c.n.refresh.NacosContextRefresher    : [Nacos Config] Listening config: dataId=mingink-redis.yml, group=DEFAULT_GROUP
2024-03-08 10:41:39.370  INFO 1 --- [           main] c.a.c.n.refresh.NacosContextRefresher    : [Nacos Config] Listening config: dataId=mingink-mysql.yml, group=DEFAULT_GROUP
2024-03-08 10:41:39.374  INFO 1 --- [           main] c.a.c.n.refresh.NacosContextRefresher    : [Nacos Config] Listening config: dataId=mingink-gateway, group=DEFAULT_GROUP
2024-03-08 10:41:39.382  INFO 1 --- [           main] c.a.c.n.refresh.NacosContextRefresher    : [Nacos Config] Listening config: dataId=mingink-gateway.yml, group=DEFAULT_GROUP
2024-03-08 10:41:39.383  INFO 1 --- [           main] c.a.c.n.refresh.NacosContextRefresher    : [Nacos Config] Listening config: dataId=mingink-gateway-dev.yml, group=DEFAULT_GROUP
(♥◠‿◠)ﾉﾞ  Gateway网关模块启动成功   ლ(´ڡ`ლ)ﾞ  
  __  __   _                   ___           _    
 |  \/  | (_)  _ __     __ _  |_ _|  _ __   | | __
 | |\/| | | | | '_ \   / _` |  | |  | '_ \  | |/ /
 | |  | | | | | | | | | (_| |  | |  | | | | |   < 
 |_|  |_| |_| |_| |_|  \__, | |___| |_| |_| |_|\_\
                       |___/                      
